{
  "RSpec": {
    "coverage": {
      "/Users/conrad/Documents/turing/4module/final-assessment/temp-mid-mod/app/helpers/application_helper.rb": [
        1,
        null,
        1,
        14,
        null,
        null
      ],
      "/Users/conrad/Documents/turing/4module/final-assessment/temp-mid-mod/app/models/link.rb": [
        1,
        1,
        1,
        null,
        null,
        1,
        null,
        1,
        0,
        null,
        null,
        1,
        0,
        null,
        null,
        1,
        0,
        null,
        null
      ],
      "/Users/conrad/Documents/turing/4module/final-assessment/temp-mid-mod/app/models/user.rb": [
        1,
        null,
        1,
        null,
        1,
        1,
        null,
        1,
        0,
        null,
        null,
        1,
        0,
        null,
        null,
        1,
        0,
        null,
        null,
        1,
        0,
        null,
        null,
        1,
        0,
        null,
        null,
        1,
        0,
        null,
        null
      ],
      "/Users/conrad/Documents/turing/4module/final-assessment/temp-mid-mod/app/controllers/sessions_controller.rb": [
        1,
        null,
        1,
        null,
        null,
        1,
        15,
        15,
        14,
        14,
        14,
        null,
        1,
        1,
        null,
        null,
        null,
        1,
        1,
        1,
        1,
        null,
        null
      ],
      "/Users/conrad/Documents/turing/4module/final-assessment/temp-mid-mod/app/controllers/application_controller.rb": [
        1,
        null,
        null,
        1,
        null,
        1,
        1,
        null,
        1,
        186,
        null,
        null,
        null,
        1,
        55,
        null,
        null
      ],
      "/Users/conrad/Documents/turing/4module/final-assessment/temp-mid-mod/app/controllers/links_controller.rb": [
        1,
        1,
        null,
        1,
        45,
        null,
        null,
        1,
        5,
        null,
        null,
        1,
        4,
        4,
        0,
        4,
        0,
        0,
        0,
        null,
        0,
        0,
        null,
        null,
        4,
        0,
        null,
        null,
        null,
        null,
        null,
        1,
        null,
        1,
        0,
        null,
        null,
        1,
        4,
        0,
        null,
        4,
        null,
        null,
        1,
        4,
        0,
        0,
        0,
        null,
        null,
        1,
        0,
        0,
        null,
        null
      ],
      "/Users/conrad/Documents/turing/4module/final-assessment/temp-mid-mod/app/controllers/api/v1/links_controller.rb": [
        1,
        null,
        1,
        11,
        11,
        8,
        8,
        7,
        7,
        null,
        1,
        1,
        null,
        null,
        3,
        3,
        null,
        null,
        null,
        1,
        0,
        0,
        null,
        null,
        1,
        null,
        1,
        0,
        null,
        null,
        1,
        23,
        23,
        null,
        0,
        null,
        null,
        1,
        6,
        null,
        null,
        1,
        8,
        null,
        null,
        1,
        4,
        null,
        null,
        1,
        4,
        4,
        4,
        4,
        null,
        null
      ],
      "/Users/conrad/Documents/turing/4module/final-assessment/temp-mid-mod/app/controllers/users_controller.rb": [
        1,
        null,
        1,
        null,
        null,
        1,
        7,
        7,
        1,
        1,
        1,
        null,
        6,
        0,
        null,
        null,
        null,
        1,
        null,
        1,
        7,
        null,
        null,
        1,
        6,
        0,
        0,
        0,
        0,
        0,
        null,
        null
      ]
    },
    "timestamp": 1492461303
  }
}
